# JRE version: OpenJDK Runtime Environment (11.0.12+7) (build 11.0.12+7-b1504.28-7817840)
# Java VM: OpenJDK 64-Bit Server VM (11.0.12+7-b1504.28-7817840, mixed mode, tiered, compressed oops, g1 gc, windows-amd64)
Heap:
 garbage-first heap   total 155648K, used 32213K [0x0000000080000000, 0x0000000100000000)
  region size 1024K, 11 young (11264K), 9 survivors (9216K)
 Metaspace       used 47509K, capacity 48661K, committed 48768K, reserved 1091584K
  class space    used 6108K, capacity 6516K, committed 6528K, reserved 1048576K
GC Heap History (16 events):
Event: 0.853 GC heap before
{Heap before GC invocations=0 (full 0):
 garbage-first heap   total 129024K, used 20480K [0x0000000080000000, 0x0000000100000000)
  region size 1024K, 14 young (14336K), 0 survivors (0K)
 Metaspace       used 6736K, capacity 6929K, committed 7168K, reserved 1056768K
  class space    used 582K, capacity 650K, committed 768K, reserved 1048576K
}
Event: 0.858 GC heap after
{Heap after GC invocations=1 (full 0):
 garbage-first heap   total 129024K, used 7873K [0x0000000080000000, 0x0000000100000000)
  region size 1024K, 2 young (2048K), 2 survivors (2048K)
 Metaspace       used 6736K, capacity 6929K, committed 7168K, reserved 1056768K
  class space    used 582K, capacity 650K, committed 768K, reserved 1048576K
}
Event: 1.242 GC heap before
{Heap before GC invocations=1 (full 0):
 garbage-first heap   total 129024K, used 17089K [0x0000000080000000, 0x0000000100000000)
  region size 1024K, 11 young (11264K), 2 survivors (2048K)
 Metaspace       used 10079K, capacity 10269K, committed 10368K, reserved 1058816K
  class space    used 1047K, capacity 1108K, committed 1152K, reserved 1048576K
}
Event: 1.246 GC heap after
{Heap after GC invocations=2 (full 0):
 garbage-first heap   total 129024K, used 9210K [0x0000000080000000, 0x0000000100000000)
  region size 1024K, 2 young (2048K), 2 survivors (2048K)
 Metaspace       used 10079K, capacity 10269K, committed 10368K, reserved 1058816K
  class space    used 1047K, capacity 1108K, committed 1152K, reserved 1048576K
}
Event: 1.950 GC heap before
{Heap before GC invocations=2 (full 0):
 garbage-first heap   total 129024K, used 35834K [0x0000000080000000, 0x0000000100000000)
  region size 1024K, 28 young (28672K), 2 survivors (2048K)
 Metaspace       used 11226K, capacity 11450K, committed 11520K, reserved 1058816K
  class space    used 1174K, capacity 1246K, committed 1280K, reserved 1048576K
}
Event: 1.954 GC heap after
{Heap after GC invocations=3 (full 0):
 garbage-first heap   total 129024K, used 10121K [0x0000000080000000, 0x0000000100000000)
  region size 1024K, 3 young (3072K), 3 survivors (3072K)
 Metaspace       used 11226K, capacity 11450K, committed 11520K, reserved 1058816K
  class space    used 1174K, capacity 1246K, committed 1280K, reserved 1048576K
}
Event: 4.367 GC heap before
{Heap before GC invocations=3 (full 0):
 garbage-first heap   total 129024K, used 52105K [0x0000000080000000, 0x0000000100000000)
  region size 1024K, 44 young (45056K), 3 survivors (3072K)
 Metaspace       used 17145K, capacity 17465K, committed 17792K, reserved 1064960K
  class space    used 1990K, capacity 2101K, committed 2176K, reserved 1048576K
}
Event: 4.377 GC heap after
{Heap after GC invocations=4 (full 0):
 garbage-first heap   total 129024K, used 15604K [0x0000000080000000, 0x0000000100000000)
  region size 1024K, 6 young (6144K), 6 survivors (6144K)
 Metaspace       used 17145K, capacity 17465K, committed 17792K, reserved 1064960K
  class space    used 1990K, capacity 2101K, committed 2176K, reserved 1048576K
}
Event: 5.007 GC heap before
{Heap before GC invocations=4 (full 0):
 garbage-first heap   total 129024K, used 49396K [0x0000000080000000, 0x0000000100000000)
  region size 1024K, 40 young (40960K), 6 survivors (6144K)
 Metaspace       used 20676K, capacity 21081K, committed 21248K, reserved 1067008K
  class space    used 2545K, capacity 2712K, committed 2816K, reserved 1048576K
}
Event: 5.020 GC heap after
{Heap after GC invocations=5 (full 0):
 garbage-first heap   total 129024K, used 17405K [0x0000000080000000, 0x0000000100000000)
  region size 1024K, 2 young (2048K), 2 survivors (2048K)
 Metaspace       used 20676K, capacity 21081K, committed 21248K, reserved 1067008K
  class space    used 2545K, capacity 2712K, committed 2816K, reserved 1048576K
}
Event: 6.840 GC heap before
{Heap before GC invocations=6 (full 0):
 garbage-first heap   total 129024K, used 66557K [0x0000000080000000, 0x0000000100000000)
  region size 1024K, 51 young (52224K), 2 survivors (2048K)
 Metaspace       used 25986K, capacity 26528K, committed 26624K, reserved 1073152K
  class space    used 3359K, capacity 3554K, committed 3584K, reserved 1048576K
}
Event: 6.846 GC heap after
{Heap after GC invocations=7 (full 0):
 garbage-first heap   total 129024K, used 18985K [0x0000000080000000, 0x0000000100000000)
  region size 1024K, 4 young (4096K), 4 survivors (4096K)
 Metaspace       used 25986K, capacity 26528K, committed 26624K, reserved 1073152K
  class space    used 3359K, capacity 3554K, committed 3584K, reserved 1048576K
}
Event: 9.116 GC heap before
{Heap before GC invocations=7 (full 0):
 garbage-first heap   total 129024K, used 80425K [0x0000000080000000, 0x0000000100000000)
  region size 1024K, 65 young (66560K), 4 survivors (4096K)
 Metaspace       used 34968K, capacity 35791K, committed 35840K, reserved 1081344K
  class space    used 4533K, capacity 4839K, committed 4864K, reserved 1048576K
}
Event: 9.140 GC heap after
{Heap after GC invocations=8 (full 0):
 garbage-first heap   total 129024K, used 22241K [0x0000000080000000, 0x0000000100000000)
  region size 1024K, 7 young (7168K), 7 survivors (7168K)
 Metaspace       used 34968K, capacity 35791K, committed 35840K, reserved 1081344K
  class space    used 4533K, capacity 4839K, committed 4864K, reserved 1048576K
}
Event: 11.140 GC heap before
{Heap before GC invocations=9 (full 0):
 garbage-first heap   total 129024K, used 93921K [0x0000000080000000, 0x0000000100000000)
  region size 1024K, 75 young (76800K), 7 survivors (7168K)
 Metaspace       used 40721K, capacity 41664K, committed 41984K, reserved 1085440K
  class space    used 5184K, capacity 5513K, committed 5632K, reserved 1048576K
}
Event: 11.164 GC heap after
{Heap after GC invocations=10 (full 0):
 garbage-first heap   total 155648K, used 28521K [0x0000000080000000, 0x0000000100000000)
  region size 1024K, 10 young (10240K), 10 survivors (10240K)
 Metaspace       used 40721K, capacity 41664K, committed 41984K, reserved 1085440K
  class space    used 5184K, capacity 5513K, committed 5632K, reserved 1048576K
}

