# JRE version: OpenJDK Runtime Environment (11.0.12+7) (build 11.0.12+7-b1504.28-7817840)
# Java VM: OpenJDK 64-Bit Server VM (11.0.12+7-b1504.28-7817840, mixed mode, tiered, compressed oops, g1 gc, windows-amd64)
Heap:
 garbage-first heap   total 155648K, used 91806K [0x0000000080000000, 0x0000000100000000)
  region size 1024K, 27 young (27648K), 8 survivors (8192K)
 Metaspace       used 85053K, capacity 87112K, committed 87340K, reserved 1124352K
  class space    used 11110K, capacity 11899K, committed 11904K, reserved 1048576K
GC Heap History (20 events):
Event: 16.136 GC heap before
{Heap before GC invocations=11 (full 0):
 garbage-first heap   total 129024K, used 83415K [0x0000000080000000, 0x0000000100000000)
  region size 1024K, 61 young (62464K), 8 survivors (8192K)
 Metaspace       used 44334K, capacity 45369K, committed 45568K, reserved 1089536K
  class space    used 5678K, capacity 6057K, committed 6144K, reserved 1048576K
}
Event: 16.155 GC heap after
{Heap after GC invocations=12 (full 0):
 garbage-first heap   total 129024K, used 30527K [0x0000000080000000, 0x0000000100000000)
  region size 1024K, 7 young (7168K), 7 survivors (7168K)
 Metaspace       used 44334K, capacity 45369K, committed 45568K, reserved 1089536K
  class space    used 5678K, capacity 6057K, committed 6144K, reserved 1048576K
}
Event: 18.313 GC heap before
{Heap before GC invocations=12 (full 0):
 garbage-first heap   total 129024K, used 86847K [0x0000000080000000, 0x0000000100000000)
  region size 1024K, 62 young (63488K), 7 survivors (7168K)
 Metaspace       used 48088K, capacity 49287K, committed 49408K, reserved 1091584K
  class space    used 6174K, capacity 6639K, committed 6656K, reserved 1048576K
}
Event: 18.328 GC heap after
{Heap after GC invocations=13 (full 0):
 garbage-first heap   total 155648K, used 32583K [0x0000000080000000, 0x0000000100000000)
  region size 1024K, 5 young (5120K), 5 survivors (5120K)
 Metaspace       used 48088K, capacity 49287K, committed 49408K, reserved 1091584K
  class space    used 6174K, capacity 6639K, committed 6656K, reserved 1048576K
}
Event: 21.648 GC heap before
{Heap before GC invocations=13 (full 0):
 garbage-first heap   total 155648K, used 105287K [0x0000000080000000, 0x0000000100000000)
  region size 1024K, 69 young (70656K), 5 survivors (5120K)
 Metaspace       used 52547K, capacity 53775K, committed 54016K, reserved 1095680K
  class space    used 6701K, capacity 7152K, committed 7168K, reserved 1048576K
}
Event: 21.663 GC heap after
{Heap after GC invocations=14 (full 0):
 garbage-first heap   total 155648K, used 49980K [0x0000000080000000, 0x0000000100000000)
  region size 1024K, 9 young (9216K), 9 survivors (9216K)
 Metaspace       used 52547K, capacity 53775K, committed 54016K, reserved 1095680K
  class space    used 6701K, capacity 7152K, committed 7168K, reserved 1048576K
}
Event: 23.933 GC heap before
{Heap before GC invocations=14 (full 0):
 garbage-first heap   total 155648K, used 90940K [0x0000000080000000, 0x0000000100000000)
  region size 1024K, 50 young (51200K), 9 survivors (9216K)
 Metaspace       used 58411K, capacity 59795K, committed 59948K, reserved 1101824K
  class space    used 7433K, capacity 7984K, committed 8064K, reserved 1048576K
}
Event: 23.959 GC heap after
{Heap after GC invocations=15 (full 0):
 garbage-first heap   total 155648K, used 52115K [0x0000000080000000, 0x0000000100000000)
  region size 1024K, 2 young (2048K), 2 survivors (2048K)
 Metaspace       used 58411K, capacity 59795K, committed 59948K, reserved 1101824K
  class space    used 7433K, capacity 7984K, committed 8064K, reserved 1048576K
}
Event: 25.903 GC heap before
{Heap before GC invocations=16 (full 0):
 garbage-first heap   total 155648K, used 106387K [0x0000000080000000, 0x0000000100000000)
  region size 1024K, 56 young (57344K), 2 survivors (2048K)
 Metaspace       used 64068K, capacity 65542K, committed 65708K, reserved 1105920K
  class space    used 8115K, capacity 8656K, committed 8704K, reserved 1048576K
}
Event: 25.914 GC heap after
{Heap after GC invocations=17 (full 0):
 garbage-first heap   total 155648K, used 56264K [0x0000000080000000, 0x0000000100000000)
  region size 1024K, 6 young (6144K), 6 survivors (6144K)
 Metaspace       used 64068K, capacity 65542K, committed 65708K, reserved 1105920K
  class space    used 8115K, capacity 8656K, committed 8704K, reserved 1048576K
}
Event: 27.401 GC heap before
{Heap before GC invocations=18 (full 0):
 garbage-first heap   total 155648K, used 112584K [0x0000000080000000, 0x0000000100000000)
  region size 1024K, 60 young (61440K), 6 survivors (6144K)
 Metaspace       used 67883K, capacity 69453K, committed 69548K, reserved 1110016K
  class space    used 8626K, capacity 9180K, committed 9216K, reserved 1048576K
}
Event: 27.416 GC heap after
{Heap after GC invocations=19 (full 0):
 garbage-first heap   total 155648K, used 59904K [0x0000000080000000, 0x0000000100000000)
  region size 1024K, 4 young (4096K), 4 survivors (4096K)
 Metaspace       used 67883K, capacity 69453K, committed 69548K, reserved 1110016K
  class space    used 8626K, capacity 9180K, committed 9216K, reserved 1048576K
}
Event: 29.104 GC heap before
{Heap before GC invocations=19 (full 0):
 garbage-first heap   total 155648K, used 114176K [0x0000000080000000, 0x0000000100000000)
  region size 1024K, 57 young (58368K), 4 survivors (4096K)
 Metaspace       used 71865K, capacity 73460K, committed 73644K, reserved 1114112K
  class space    used 9288K, capacity 9898K, committed 9984K, reserved 1048576K
}
Event: 29.115 GC heap after
{Heap after GC invocations=20 (full 0):
 garbage-first heap   total 155648K, used 63372K [0x0000000080000000, 0x0000000100000000)
  region size 1024K, 7 young (7168K), 7 survivors (7168K)
 Metaspace       used 71865K, capacity 73460K, committed 73644K, reserved 1114112K
  class space    used 9288K, capacity 9898K, committed 9984K, reserved 1048576K
}
Event: 31.652 GC heap before
{Heap before GC invocations=20 (full 0):
 garbage-first heap   total 155648K, used 117644K [0x0000000080000000, 0x0000000100000000)
  region size 1024K, 60 young (61440K), 7 survivors (7168K)
 Metaspace       used 76387K, capacity 78099K, committed 78380K, reserved 1118208K
  class space    used 9927K, capacity 10568K, committed 10624K, reserved 1048576K
}
Event: 31.669 GC heap after
{Heap after GC invocations=21 (full 0):
 garbage-first heap   total 155648K, used 67280K [0x0000000080000000, 0x0000000100000000)
  region size 1024K, 8 young (8192K), 8 survivors (8192K)
 Metaspace       used 76387K, capacity 78099K, committed 78380K, reserved 1118208K
  class space    used 9927K, capacity 10568K, committed 10624K, reserved 1048576K
}
Event: 44.562 GC heap before
{Heap before GC invocations=21 (full 0):
 garbage-first heap   total 155648K, used 120528K [0x0000000080000000, 0x0000000100000000)
  region size 1024K, 60 young (61440K), 8 survivors (8192K)
 Metaspace       used 82022K, capacity 83737K, committed 84012K, reserved 1122304K
  class space    used 10675K, capacity 11339K, committed 11392K, reserved 1048576K
}
Event: 44.580 GC heap after
{Heap after GC invocations=22 (full 0):
 garbage-first heap   total 155648K, used 70676K [0x0000000080000000, 0x0000000100000000)
  region size 1024K, 7 young (7168K), 7 survivors (7168K)
 Metaspace       used 82022K, capacity 83737K, committed 84012K, reserved 1122304K
  class space    used 10675K, capacity 11339K, committed 11392K, reserved 1048576K
}
Event: 51.154 GC heap before
{Heap before GC invocations=22 (full 0):
 garbage-first heap   total 155648K, used 122900K [0x0000000080000000, 0x0000000100000000)
  region size 1024K, 58 young (59392K), 7 survivors (7168K)
 Metaspace       used 84801K, capacity 86814K, committed 86828K, reserved 1124352K
  class space    used 11104K, capacity 11891K, committed 11904K, reserved 1048576K
}
Event: 51.172 GC heap after
{Heap after GC invocations=23 (full 0):
 garbage-first heap   total 155648K, used 74398K [0x0000000080000000, 0x0000000100000000)
  region size 1024K, 8 young (8192K), 8 survivors (8192K)
 Metaspace       used 84801K, capacity 86814K, committed 86828K, reserved 1124352K
  class space    used 11104K, capacity 11891K, committed 11904K, reserved 1048576K
}

