# JRE version: OpenJDK Runtime Environment (11.0.12+7) (build 11.0.12+7-b1504.28-7817840)
# Java VM: OpenJDK 64-Bit Server VM (11.0.12+7-b1504.28-7817840, mixed mode, tiered, compressed oops, g1 gc, windows-amd64)
Heap:
 garbage-first heap   total 155648K, used 48452K [0x0000000080000000, 0x0000000100000000)
  region size 1024K, 9 young (9216K), 9 survivors (9216K)
 Metaspace       used 48842K, capacity 50042K, committed 50252K, reserved 1093632K
  class space    used 6245K, capacity 6692K, committed 6784K, reserved 1048576K
GC Heap History (19 events):
Event: 1.126 GC heap before
{Heap before GC invocations=0 (full 0):
 garbage-first heap   total 129024K, used 20480K [0x0000000080000000, 0x0000000100000000)
  region size 1024K, 14 young (14336K), 0 survivors (0K)
 Metaspace       used 6755K, capacity 6989K, committed 7168K, reserved 1056768K
  class space    used 582K, capacity 650K, committed 768K, reserved 1048576K
}
Event: 1.135 GC heap after
{Heap after GC invocations=1 (full 0):
 garbage-first heap   total 129024K, used 7581K [0x0000000080000000, 0x0000000100000000)
  region size 1024K, 2 young (2048K), 2 survivors (2048K)
 Metaspace       used 6755K, capacity 6989K, committed 7168K, reserved 1056768K
  class space    used 582K, capacity 650K, committed 768K, reserved 1048576K
}
Event: 1.817 GC heap before
{Heap before GC invocations=1 (full 0):
 garbage-first heap   total 129024K, used 18845K [0x0000000080000000, 0x0000000100000000)
  region size 1024K, 13 young (13312K), 2 survivors (2048K)
 Metaspace       used 10272K, capacity 10491K, committed 10624K, reserved 1058816K
  class space    used 1072K, capacity 1141K, committed 1152K, reserved 1048576K
}
Event: 1.821 GC heap after
{Heap after GC invocations=2 (full 0):
 garbage-first heap   total 129024K, used 9585K [0x0000000080000000, 0x0000000100000000)
  region size 1024K, 2 young (2048K), 2 survivors (2048K)
 Metaspace       used 10272K, capacity 10491K, committed 10624K, reserved 1058816K
  class space    used 1072K, capacity 1141K, committed 1152K, reserved 1048576K
}
Event: 2.648 GC heap before
{Heap before GC invocations=2 (full 0):
 garbage-first heap   total 129024K, used 37233K [0x0000000080000000, 0x0000000100000000)
  region size 1024K, 29 young (29696K), 2 survivors (2048K)
 Metaspace       used 11240K, capacity 11446K, committed 11520K, reserved 1058816K
  class space    used 1176K, capacity 1246K, committed 1280K, reserved 1048576K
}
Event: 2.652 GC heap after
{Heap after GC invocations=3 (full 0):
 garbage-first heap   total 129024K, used 11628K [0x0000000080000000, 0x0000000100000000)
  region size 1024K, 4 young (4096K), 4 survivors (4096K)
 Metaspace       used 11240K, capacity 11446K, committed 11520K, reserved 1058816K
  class space    used 1176K, capacity 1246K, committed 1280K, reserved 1048576K
}
Event: 5.593 GC heap before
{Heap before GC invocations=3 (full 0):
 garbage-first heap   total 129024K, used 52588K [0x0000000080000000, 0x0000000100000000)
  region size 1024K, 44 young (45056K), 4 survivors (4096K)
 Metaspace       used 17434K, capacity 17817K, committed 18176K, reserved 1064960K
  class space    used 2041K, capacity 2179K, committed 2304K, reserved 1048576K
}
Event: 5.603 GC heap after
{Heap after GC invocations=4 (full 0):
 garbage-first heap   total 129024K, used 16261K [0x0000000080000000, 0x0000000100000000)
  region size 1024K, 6 young (6144K), 6 survivors (6144K)
 Metaspace       used 17434K, capacity 17817K, committed 18176K, reserved 1064960K
  class space    used 2041K, capacity 2179K, committed 2304K, reserved 1048576K
}
Event: 6.231 GC heap before
{Heap before GC invocations=4 (full 0):
 garbage-first heap   total 129024K, used 46981K [0x0000000080000000, 0x0000000100000000)
  region size 1024K, 37 young (37888K), 6 survivors (6144K)
 Metaspace       used 20714K, capacity 21141K, committed 21248K, reserved 1067008K
  class space    used 2545K, capacity 2712K, committed 2816K, reserved 1048576K
}
Event: 6.240 GC heap after
{Heap after GC invocations=5 (full 0):
 garbage-first heap   total 129024K, used 17724K [0x0000000080000000, 0x0000000100000000)
  region size 1024K, 6 young (6144K), 6 survivors (6144K)
 Metaspace       used 20714K, capacity 21141K, committed 21248K, reserved 1067008K
  class space    used 2545K, capacity 2712K, committed 2816K, reserved 1048576K
}
Event: 7.575 GC heap before
{Heap before GC invocations=6 (full 0):
 garbage-first heap   total 129024K, used 66876K [0x0000000080000000, 0x0000000100000000)
  region size 1024K, 54 young (55296K), 6 survivors (6144K)
 Metaspace       used 25788K, capacity 26297K, committed 26368K, reserved 1073152K
  class space    used 3335K, capacity 3521K, committed 3584K, reserved 1048576K
}
Event: 7.585 GC heap after
{Heap after GC invocations=7 (full 0):
 garbage-first heap   total 129024K, used 19456K [0x0000000080000000, 0x0000000100000000)
  region size 1024K, 3 young (3072K), 3 survivors (3072K)
 Metaspace       used 25788K, capacity 26297K, committed 26368K, reserved 1073152K
  class space    used 3335K, capacity 3521K, committed 3584K, reserved 1048576K
}
Event: 9.597 GC heap before
{Heap before GC invocations=7 (full 0):
 garbage-first heap   total 129024K, used 81920K [0x0000000080000000, 0x0000000100000000)
  region size 1024K, 65 young (66560K), 3 survivors (3072K)
 Metaspace       used 34977K, capacity 35787K, committed 35840K, reserved 1081344K
  class space    used 4534K, capacity 4839K, committed 4864K, reserved 1048576K
}
Event: 9.617 GC heap after
{Heap after GC invocations=8 (full 0):
 garbage-first heap   total 129024K, used 22834K [0x0000000080000000, 0x0000000100000000)
  region size 1024K, 7 young (7168K), 7 survivors (7168K)
 Metaspace       used 34977K, capacity 35787K, committed 35840K, reserved 1081344K
  class space    used 4534K, capacity 4839K, committed 4864K, reserved 1048576K
}
Event: 10.914 GC heap before
{Heap before GC invocations=9 (full 0):
 garbage-first heap   total 129024K, used 90418K [0x0000000080000000, 0x0000000100000000)
  region size 1024K, 71 young (72704K), 7 survivors (7168K)
 Metaspace       used 39953K, capacity 40911K, committed 41036K, reserved 1085440K
  class space    used 5110K, capacity 5434K, committed 5504K, reserved 1048576K
}
Event: 10.934 GC heap after
{Heap after GC invocations=10 (full 0):
 garbage-first heap   total 129024K, used 27900K [0x0000000080000000, 0x0000000100000000)
  region size 1024K, 9 young (9216K), 9 survivors (9216K)
 Metaspace       used 39953K, capacity 40911K, committed 41036K, reserved 1085440K
  class space    used 5110K, capacity 5434K, committed 5504K, reserved 1048576K
}
Event: 12.561 GC heap before
{Heap before GC invocations=10 (full 0):
 garbage-first heap   total 129024K, used 94460K [0x0000000080000000, 0x0000000100000000)
  region size 1024K, 73 young (74752K), 9 survivors (9216K)
 Metaspace       used 46064K, capacity 47171K, committed 47308K, reserved 1089536K
  class space    used 5921K, capacity 6318K, committed 6400K, reserved 1048576K
}
Event: 12.577 GC heap after
{Heap after GC invocations=11 (full 0):
 garbage-first heap   total 129024K, used 30544K [0x0000000080000000, 0x0000000100000000)
  region size 1024K, 3 young (3072K), 3 survivors (3072K)
 Metaspace       used 46064K, capacity 47171K, committed 47308K, reserved 1089536K
  class space    used 5921K, capacity 6318K, committed 6400K, reserved 1048576K
}
Event: 14.650 GC heap before
{Heap before GC invocations=11 (full 0):
 garbage-first heap   total 129024K, used 105296K [0x0000000080000000, 0x0000000100000000)
  region size 1024K, 69 young (70656K), 3 survivors (3072K)
 Metaspace       used 48842K, capacity 50042K, committed 50252K, reserved 1093632K
  class space    used 6245K, capacity 6692K, committed 6784K, reserved 1048576K
}

