# JRE version: OpenJDK Runtime Environment (11.0.12+7) (build 11.0.12+7-b1504.28-7817840)
# Java VM: OpenJDK 64-Bit Server VM (11.0.12+7-b1504.28-7817840, mixed mode, tiered, compressed oops, g1 gc, windows-amd64)
Heap:
 garbage-first heap   total 187392K, used 108195K [0x0000000080000000, 0x0000000100000000)
  region size 1024K, 8 young (8192K), 5 survivors (5120K)
 Metaspace       used 118400K, capacity 121822K, committed 122152K, reserved 1155072K
  class space    used 15383K, capacity 16733K, committed 16844K, reserved 1048576K
GC Heap History (20 events):
Event: 529.026 GC heap before
{Heap before GC invocations=36 (full 0):
 garbage-first heap   total 187392K, used 137086K [0x0000000080000000, 0x0000000100000000)
  region size 1024K, 33 young (33792K), 2 survivors (2048K)
 Metaspace       used 113496K, capacity 116636K, committed 116904K, reserved 1150976K
  class space    used 14914K, capacity 16153K, committed 16204K, reserved 1048576K
}
Event: 529.058 GC heap after
{Heap after GC invocations=37 (full 0):
 garbage-first heap   total 187392K, used 118582K [0x0000000080000000, 0x0000000100000000)
  region size 1024K, 5 young (5120K), 5 survivors (5120K)
 Metaspace       used 113496K, capacity 116636K, committed 116904K, reserved 1150976K
  class space    used 14914K, capacity 16153K, committed 16204K, reserved 1048576K
}
Event: 529.639 GC heap before
{Heap before GC invocations=38 (full 0):
 garbage-first heap   total 187392K, used 144182K [0x0000000080000000, 0x0000000100000000)
  region size 1024K, 16 young (16384K), 5 survivors (5120K)
 Metaspace       used 114883K, capacity 118019K, committed 118312K, reserved 1150976K
  class space    used 15051K, capacity 16289K, committed 16332K, reserved 1048576K
}
Event: 529.662 GC heap after
{Heap after GC invocations=39 (full 0):
 garbage-first heap   total 187392K, used 119363K [0x0000000080000000, 0x0000000100000000)
  region size 1024K, 1 young (1024K), 1 survivors (1024K)
 Metaspace       used 114883K, capacity 118019K, committed 118312K, reserved 1150976K
  class space    used 15051K, capacity 16289K, committed 16332K, reserved 1048576K
}
Event: 529.877 GC heap before
{Heap before GC invocations=39 (full 0):
 garbage-first heap   total 187392K, used 126531K [0x0000000080000000, 0x0000000100000000)
  region size 1024K, 9 young (9216K), 1 survivors (1024K)
 Metaspace       used 115881K, capacity 119113K, committed 119208K, reserved 1153024K
  class space    used 15142K, capacity 16418K, committed 16460K, reserved 1048576K
}
Event: 529.894 GC heap after
{Heap after GC invocations=40 (full 0):
 garbage-first heap   total 187392K, used 118155K [0x0000000080000000, 0x0000000100000000)
  region size 1024K, 1 young (1024K), 1 survivors (1024K)
 Metaspace       used 115881K, capacity 119113K, committed 119208K, reserved 1153024K
  class space    used 15142K, capacity 16418K, committed 16460K, reserved 1048576K
}
Event: 534.114 GC heap before
{Heap before GC invocations=40 (full 0):
 garbage-first heap   total 187392K, used 141707K [0x0000000080000000, 0x0000000100000000)
  region size 1024K, 24 young (24576K), 1 survivors (1024K)
 Metaspace       used 117068K, capacity 120311K, committed 120360K, reserved 1153024K
  class space    used 15276K, capacity 16557K, committed 16588K, reserved 1048576K
}
Event: 534.120 GC heap after
{Heap after GC invocations=41 (full 0):
 garbage-first heap   total 187392K, used 119291K [0x0000000080000000, 0x0000000100000000)
  region size 1024K, 2 young (2048K), 2 survivors (2048K)
 Metaspace       used 117068K, capacity 120311K, committed 120360K, reserved 1153024K
  class space    used 15276K, capacity 16557K, committed 16588K, reserved 1048576K
}
Event: 567.981 GC heap before
{Heap before GC invocations=42 (full 0):
 garbage-first heap   total 187392K, used 143867K [0x0000000080000000, 0x0000000100000000)
  region size 1024K, 27 young (27648K), 2 survivors (2048K)
 Metaspace       used 117534K, capacity 120907K, committed 121000K, reserved 1153024K
  class space    used 15330K, capacity 16647K, committed 16716K, reserved 1048576K
}
Event: 567.995 GC heap after
{Heap after GC invocations=43 (full 0):
 garbage-first heap   total 187392K, used 121073K [0x0000000080000000, 0x0000000100000000)
  region size 1024K, 4 young (4096K), 4 survivors (4096K)
 Metaspace       used 117534K, capacity 120907K, committed 121000K, reserved 1153024K
  class space    used 15330K, capacity 16647K, committed 16716K, reserved 1048576K
}
Event: 568.089 GC heap before
{Heap before GC invocations=43 (full 0):
 garbage-first heap   total 187392K, used 126193K [0x0000000080000000, 0x0000000100000000)
  region size 1024K, 9 young (9216K), 4 survivors (4096K)
 Metaspace       used 117558K, capacity 120978K, committed 121256K, reserved 1155072K
  class space    used 15331K, capacity 16648K, committed 16716K, reserved 1048576K
}
Event: 568.109 GC heap after
{Heap after GC invocations=44 (full 0):
 garbage-first heap   total 187392K, used 103725K [0x0000000080000000, 0x0000000100000000)
  region size 1024K, 1 young (1024K), 1 survivors (1024K)
 Metaspace       used 117558K, capacity 120978K, committed 121256K, reserved 1155072K
  class space    used 15331K, capacity 16648K, committed 16716K, reserved 1048576K
}
Event: 569.299 GC heap before
{Heap before GC invocations=44 (full 0):
 garbage-first heap   total 187392K, used 136493K [0x0000000080000000, 0x0000000100000000)
  region size 1024K, 33 young (33792K), 1 survivors (1024K)
 Metaspace       used 117899K, capacity 121305K, committed 121512K, reserved 1155072K
  class space    used 15346K, capacity 16666K, committed 16716K, reserved 1048576K
}
Event: 569.332 GC heap after
{Heap after GC invocations=45 (full 0):
 garbage-first heap   total 187392K, used 108264K [0x0000000080000000, 0x0000000100000000)
  region size 1024K, 5 young (5120K), 5 survivors (5120K)
 Metaspace       used 117899K, capacity 121305K, committed 121512K, reserved 1155072K
  class space    used 15346K, capacity 16666K, committed 16716K, reserved 1048576K
}
Event: 629.367 GC heap before
{Heap before GC invocations=46 (full 0):
 garbage-first heap   total 187392K, used 138984K [0x0000000080000000, 0x0000000100000000)
  region size 1024K, 37 young (37888K), 5 survivors (5120K)
 Metaspace       used 118066K, capacity 121454K, committed 121512K, reserved 1155072K
  class space    used 15358K, capacity 16688K, committed 16716K, reserved 1048576K
}
Event: 629.383 GC heap after
{Heap after GC invocations=47 (full 0):
 garbage-first heap   total 187392K, used 109336K [0x0000000080000000, 0x0000000100000000)
  region size 1024K, 3 young (3072K), 3 survivors (3072K)
 Metaspace       used 118066K, capacity 121454K, committed 121512K, reserved 1155072K
  class space    used 15358K, capacity 16688K, committed 16716K, reserved 1048576K
}
Event: 629.494 GC heap before
{Heap before GC invocations=47 (full 0):
 garbage-first heap   total 187392K, used 114456K [0x0000000080000000, 0x0000000100000000)
  region size 1024K, 9 young (9216K), 3 survivors (3072K)
 Metaspace       used 118081K, capacity 121457K, committed 121512K, reserved 1155072K
  class space    used 15359K, capacity 16689K, committed 16716K, reserved 1048576K
}
Event: 629.511 GC heap after
{Heap after GC invocations=48 (full 0):
 garbage-first heap   total 187392K, used 101408K [0x0000000080000000, 0x0000000100000000)
  region size 1024K, 1 young (1024K), 1 survivors (1024K)
 Metaspace       used 118081K, capacity 121457K, committed 121512K, reserved 1155072K
  class space    used 15359K, capacity 16689K, committed 16716K, reserved 1048576K
}
Event: 630.545 GC heap before
{Heap before GC invocations=48 (full 0):
 garbage-first heap   total 187392K, used 137248K [0x0000000080000000, 0x0000000100000000)
  region size 1024K, 37 young (37888K), 1 survivors (1024K)
 Metaspace       used 118392K, capacity 121810K, committed 122152K, reserved 1155072K
  class space    used 15381K, capacity 16729K, committed 16844K, reserved 1048576K
}
Event: 630.567 GC heap after
{Heap after GC invocations=49 (full 0):
 garbage-first heap   total 187392K, used 106147K [0x0000000080000000, 0x0000000100000000)
  region size 1024K, 5 young (5120K), 5 survivors (5120K)
 Metaspace       used 118392K, capacity 121810K, committed 122152K, reserved 1155072K
  class space    used 15381K, capacity 16729K, committed 16844K, reserved 1048576K
}

